<?xml version="1.0" encoding="UTF-8"?>
<testng-results skipped="0" failed="0" ignored="0" total="1" passed="1">
  <reporter-output>
  </reporter-output>
  <suite name="Default suite" duration-ms="43750" started-at="2020-07-01T03:26:31Z" finished-at="2020-07-01T03:27:15Z">
    <groups>
    </groups>
    <test name="Default test" duration-ms="43750" started-at="2020-07-01T03:26:31Z" finished-at="2020-07-01T03:27:15Z">
      <class name="jenkinsDemo1.JenkinsDemo1Test">
        <test-method status="PASS" signature="search()[pri:0, instance:jenkinsDemo1.JenkinsDemo1Test@675d3402]" name="search" duration-ms="43709" started-at="2020-07-01T03:26:31Z" finished-at="2020-07-01T03:27:14Z">
          <reporter-output>
          </reporter-output>
        </test-method> <!-- search -->
      </class> <!-- jenkinsDemo1.JenkinsDemo1Test -->
    </test> <!-- Default test -->
  </suite> <!-- Default suite -->
</testng-results>
