<?xml version="1.0" encoding="UTF-8"?>
<testng-results ignored="0" total="1" passed="1" failed="0" skipped="0">
  <reporter-output>
  </reporter-output>
  <suite started-at="2019-10-14T14:18:49Z" name="Default suite" finished-at="2019-10-14T14:18:59Z" duration-ms="9939">
    <groups>
    </groups>
    <test started-at="2019-10-14T14:18:49Z" name="Default test" finished-at="2019-10-14T14:18:59Z" duration-ms="9939">
      <class name="jenkinsDemo1.JenkinsDemo1Test">
        <test-method is-config="true" signature="beforeMethod()[pri:0, instance:jenkinsDemo1.JenkinsDemo1Test@7c9d8e2]" started-at="2019-10-14T14:18:49Z" name="beforeMethod" finished-at="2019-10-14T14:18:57Z" duration-ms="7892" status="PASS">
          <reporter-output>
          </reporter-output>
        </test-method> <!-- beforeMethod -->
        <test-method signature="search()[pri:0, instance:jenkinsDemo1.JenkinsDemo1Test@7c9d8e2]" started-at="2019-10-14T14:18:57Z" name="search" finished-at="2019-10-14T14:18:57Z" duration-ms="290" status="PASS">
          <reporter-output>
          </reporter-output>
        </test-method> <!-- search -->
        <test-method is-config="true" signature="afterMethod()[pri:0, instance:jenkinsDemo1.JenkinsDemo1Test@7c9d8e2]" started-at="2019-10-14T14:18:57Z" name="afterMethod" finished-at="2019-10-14T14:18:59Z" duration-ms="1713" status="PASS">
          <reporter-output>
          </reporter-output>
        </test-method> <!-- afterMethod -->
      </class> <!-- jenkinsDemo1.JenkinsDemo1Test -->
    </test> <!-- Default test -->
  </suite> <!-- Default suite -->
</testng-results>
